문법

    0 $accept: program $end

    1 program: declaration_list

    2 declaration_list: declaration_list declaration
    3                 | declaration

    4 declaration: var_declaration
    5            | fun_declaration

    6 id: ID

    7 num: NUM

    8 var_declaration: type_specifier id SEMI
    9                | type_specifier id LBRACE num RBRACE SEMI

   10 type_specifier: INT
   11               | VOID

   12 fun_declaration: type_specifier id LPAREN params RPAREN compound_stmt

   13 params: param_list
   14       | VOID

   15 param_list: param_list COMMA param
   16           | param

   17 param: type_specifier id
   18      | type_specifier id LBRACE RBRACE

   19 compound_stmt: LCURLY local_declarations statement_list RCURLY

   20 local_declarations: local_declarations var_declaration
   21                   | %empty

   22 statement_list: statement_list statement
   23               | %empty

   24 statement: expression_stmt
   25          | compound_stmt
   26          | selection_stmt
   27          | iteration_stmt
   28          | return_stmt
   29          | ERROR SEMI

   30 expression_stmt: expression SEMI
   31                | SEMI

   32 selection_stmt: IF LPAREN expression RPAREN statement
   33               | IF LPAREN expression RPAREN statement ELSE statement

   34 iteration_stmt: WHILE LPAREN expression RPAREN statement

   35 return_stmt: RETURN SEMI
   36            | RETURN expression SEMI

   37 expression: var ASSIGN expression
   38           | simple_expression

   39 var: id
   40    | id LBRACE expression RBRACE

   41 simple_expression: additive_expression relop additive_expression
   42                  | additive_expression

   43 relop: LT
   44      | LE
   45      | GT
   46      | GE
   47      | EQ
   48      | NE

   49 additive_expression: additive_expression addop term
   50                    | term

   51 addop: PLUS
   52      | MINUS

   53 term: term mulop factor
   54     | factor

   55 mulop: TIMES
   56      | OVER

   57 factor: LPAREN expression RPAREN
   58       | var
   59       | call
   60       | num

   61 call: id LPAREN args RPAREN

   62 args: arg_list
   63     | %empty

   64 arg_list: arg_list COMMA expression
   65         | expression


Terminals, with rules where they appear

    $end (0) 0
    error (256)
    IF (258) 32 33
    ELSE (259) 33
    INT (260) 10
    RETURN (261) 35 36
    VOID (262) 11 14
    WHILE (263) 34
    ID (264) 6
    NUM (265) 7
    LT (266) 43
    LE (267) 44
    GT (268) 45
    GE (269) 46
    EQ (270) 47
    NE (271) 48
    SEMI (272) 8 9 29 30 31 35 36
    LPAREN (273) 12 32 33 34 57 61
    RPAREN (274) 12 32 33 34 57 61
    LCURLY (275) 19
    RCURLY (276) 19
    LBRACE (277) 9 18 40
    RBRACE (278) 9 18 40
    PLUS (279) 51
    MINUS (280) 52
    TIMES (281) 55
    OVER (282) 56
    COMMA (283) 15 64
    ASSIGN (284) 37
    THEN (285)
    ERROR (286) 29


Nonterminals, with rules where they appear

    $accept (32)
        on left: 0
    program (33)
        on left: 1
        on right: 0
    declaration_list (34)
        on left: 2 3
        on right: 1 2
    declaration (35)
        on left: 4 5
        on right: 2 3
    id (36)
        on left: 6
        on right: 8 9 12 17 18 39 40 61
    num (37)
        on left: 7
        on right: 9 60
    var_declaration (38)
        on left: 8 9
        on right: 4 20
    type_specifier (39)
        on left: 10 11
        on right: 8 9 12 17 18
    fun_declaration (40)
        on left: 12
        on right: 5
    params (41)
        on left: 13 14
        on right: 12
    param_list (42)
        on left: 15 16
        on right: 13 15
    param (43)
        on left: 17 18
        on right: 15 16
    compound_stmt (44)
        on left: 19
        on right: 12 25
    local_declarations (45)
        on left: 20 21
        on right: 19 20
    statement_list (46)
        on left: 22 23
        on right: 19 22
    statement (47)
        on left: 24 25 26 27 28 29
        on right: 22 32 33 34
    expression_stmt (48)
        on left: 30 31
        on right: 24
    selection_stmt (49)
        on left: 32 33
        on right: 26
    iteration_stmt (50)
        on left: 34
        on right: 27
    return_stmt (51)
        on left: 35 36
        on right: 28
    expression (52)
        on left: 37 38
        on right: 30 32 33 34 36 37 40 57 64 65
    var (53)
        on left: 39 40
        on right: 37 58
    simple_expression (54)
        on left: 41 42
        on right: 38
    relop (55)
        on left: 43 44 45 46 47 48
        on right: 41
    additive_expression (56)
        on left: 49 50
        on right: 41 42 49
    addop (57)
        on left: 51 52
        on right: 49
    term (58)
        on left: 53 54
        on right: 49 50 53
    mulop (59)
        on left: 55 56
        on right: 53
    factor (60)
        on left: 57 58 59 60
        on right: 53 54
    call (61)
        on left: 61
        on right: 59
    args (62)
        on left: 62 63
        on right: 61
    arg_list (63)
        on left: 64 65
        on right: 62 64


State 0

    0 $accept: . program $end

    INT   shift, and go to state 1
    VOID  shift, and go to state 2

    program           go to state 3
    declaration_list  go to state 4
    declaration       go to state 5
    var_declaration   go to state 6
    type_specifier    go to state 7
    fun_declaration   go to state 8


State 1

   10 type_specifier: INT .

    $default  reduce using rule 10 (type_specifier)


State 2

   11 type_specifier: VOID .

    $default  reduce using rule 11 (type_specifier)


State 3

    0 $accept: program . $end

    $end  shift, and go to state 9


State 4

    1 program: declaration_list .
    2 declaration_list: declaration_list . declaration

    INT   shift, and go to state 1
    VOID  shift, and go to state 2

    $default  reduce using rule 1 (program)

    declaration      go to state 10
    var_declaration  go to state 6
    type_specifier   go to state 7
    fun_declaration  go to state 8


State 5

    3 declaration_list: declaration .

    $default  reduce using rule 3 (declaration_list)


State 6

    4 declaration: var_declaration .

    $default  reduce using rule 4 (declaration)


State 7

    8 var_declaration: type_specifier . id SEMI
    9                | type_specifier . id LBRACE num RBRACE SEMI
   12 fun_declaration: type_specifier . id LPAREN params RPAREN compound_stmt

    ID  shift, and go to state 11

    id  go to state 12


State 8

    5 declaration: fun_declaration .

    $default  reduce using rule 5 (declaration)


State 9

    0 $accept: program $end .

    $default  accept


State 10

    2 declaration_list: declaration_list declaration .

    $default  reduce using rule 2 (declaration_list)


State 11

    6 id: ID .

    $default  reduce using rule 6 (id)


State 12

    8 var_declaration: type_specifier id . SEMI
    9                | type_specifier id . LBRACE num RBRACE SEMI
   12 fun_declaration: type_specifier id . LPAREN params RPAREN compound_stmt

    SEMI    shift, and go to state 13
    LPAREN  shift, and go to state 14
    LBRACE  shift, and go to state 15


State 13

    8 var_declaration: type_specifier id SEMI .

    $default  reduce using rule 8 (var_declaration)


State 14

   12 fun_declaration: type_specifier id LPAREN . params RPAREN compound_stmt

    INT   shift, and go to state 1
    VOID  shift, and go to state 16

    type_specifier  go to state 17
    params          go to state 18
    param_list      go to state 19
    param           go to state 20


State 15

    9 var_declaration: type_specifier id LBRACE . num RBRACE SEMI

    NUM  shift, and go to state 21

    num  go to state 22


State 16

   11 type_specifier: VOID .
   14 params: VOID .

    RPAREN    reduce using rule 14 (params)
    $default  reduce using rule 11 (type_specifier)


State 17

   17 param: type_specifier . id
   18      | type_specifier . id LBRACE RBRACE

    ID  shift, and go to state 11

    id  go to state 23


State 18

   12 fun_declaration: type_specifier id LPAREN params . RPAREN compound_stmt

    RPAREN  shift, and go to state 24


State 19

   13 params: param_list .
   15 param_list: param_list . COMMA param

    COMMA  shift, and go to state 25

    $default  reduce using rule 13 (params)


State 20

   16 param_list: param .

    $default  reduce using rule 16 (param_list)


State 21

    7 num: NUM .

    $default  reduce using rule 7 (num)


State 22

    9 var_declaration: type_specifier id LBRACE num . RBRACE SEMI

    RBRACE  shift, and go to state 26


State 23

   17 param: type_specifier id .
   18      | type_specifier id . LBRACE RBRACE

    LBRACE  shift, and go to state 27

    $default  reduce using rule 17 (param)


State 24

   12 fun_declaration: type_specifier id LPAREN params RPAREN . compound_stmt

    LCURLY  shift, and go to state 28

    compound_stmt  go to state 29


State 25

   15 param_list: param_list COMMA . param

    INT   shift, and go to state 1
    VOID  shift, and go to state 2

    type_specifier  go to state 17
    param           go to state 30


State 26

    9 var_declaration: type_specifier id LBRACE num RBRACE . SEMI

    SEMI  shift, and go to state 31


State 27

   18 param: type_specifier id LBRACE . RBRACE

    RBRACE  shift, and go to state 32


State 28

   19 compound_stmt: LCURLY . local_declarations statement_list RCURLY

    $default  reduce using rule 21 (local_declarations)

    local_declarations  go to state 33


State 29

   12 fun_declaration: type_specifier id LPAREN params RPAREN compound_stmt .

    $default  reduce using rule 12 (fun_declaration)


State 30

   15 param_list: param_list COMMA param .

    $default  reduce using rule 15 (param_list)


State 31

    9 var_declaration: type_specifier id LBRACE num RBRACE SEMI .

    $default  reduce using rule 9 (var_declaration)


State 32

   18 param: type_specifier id LBRACE RBRACE .

    $default  reduce using rule 18 (param)


State 33

   19 compound_stmt: LCURLY local_declarations . statement_list RCURLY
   20 local_declarations: local_declarations . var_declaration

    INT   shift, and go to state 1
    VOID  shift, and go to state 2

    $default  reduce using rule 23 (statement_list)

    var_declaration  go to state 34
    type_specifier   go to state 35
    statement_list   go to state 36


State 34

   20 local_declarations: local_declarations var_declaration .

    $default  reduce using rule 20 (local_declarations)


State 35

    8 var_declaration: type_specifier . id SEMI
    9                | type_specifier . id LBRACE num RBRACE SEMI

    ID  shift, and go to state 11

    id  go to state 37


State 36

   19 compound_stmt: LCURLY local_declarations statement_list . RCURLY
   22 statement_list: statement_list . statement

    IF      shift, and go to state 38
    RETURN  shift, and go to state 39
    WHILE   shift, and go to state 40
    ID      shift, and go to state 11
    NUM     shift, and go to state 21
    SEMI    shift, and go to state 41
    LPAREN  shift, and go to state 42
    LCURLY  shift, and go to state 28
    RCURLY  shift, and go to state 43
    ERROR   shift, and go to state 44

    id                   go to state 45
    num                  go to state 46
    compound_stmt        go to state 47
    statement            go to state 48
    expression_stmt      go to state 49
    selection_stmt       go to state 50
    iteration_stmt       go to state 51
    return_stmt          go to state 52
    expression           go to state 53
    var                  go to state 54
    simple_expression    go to state 55
    additive_expression  go to state 56
    term                 go to state 57
    factor               go to state 58
    call                 go to state 59


State 37

    8 var_declaration: type_specifier id . SEMI
    9                | type_specifier id . LBRACE num RBRACE SEMI

    SEMI    shift, and go to state 13
    LBRACE  shift, and go to state 15


State 38

   32 selection_stmt: IF . LPAREN expression RPAREN statement
   33               | IF . LPAREN expression RPAREN statement ELSE statement

    LPAREN  shift, and go to state 60


State 39

   35 return_stmt: RETURN . SEMI
   36            | RETURN . expression SEMI

    ID      shift, and go to state 11
    NUM     shift, and go to state 21
    SEMI    shift, and go to state 61
    LPAREN  shift, and go to state 42

    id                   go to state 45
    num                  go to state 46
    expression           go to state 62
    var                  go to state 54
    simple_expression    go to state 55
    additive_expression  go to state 56
    term                 go to state 57
    factor               go to state 58
    call                 go to state 59


State 40

   34 iteration_stmt: WHILE . LPAREN expression RPAREN statement

    LPAREN  shift, and go to state 63


State 41

   31 expression_stmt: SEMI .

    $default  reduce using rule 31 (expression_stmt)


State 42

   57 factor: LPAREN . expression RPAREN

    ID      shift, and go to state 11
    NUM     shift, and go to state 21
    LPAREN  shift, and go to state 42

    id                   go to state 45
    num                  go to state 46
    expression           go to state 64
    var                  go to state 54
    simple_expression    go to state 55
    additive_expression  go to state 56
    term                 go to state 57
    factor               go to state 58
    call                 go to state 59


State 43

   19 compound_stmt: LCURLY local_declarations statement_list RCURLY .

    $default  reduce using rule 19 (compound_stmt)


State 44

   29 statement: ERROR . SEMI

    SEMI  shift, and go to state 65


State 45

   39 var: id .
   40    | id . LBRACE expression RBRACE
   61 call: id . LPAREN args RPAREN

    LPAREN  shift, and go to state 66
    LBRACE  shift, and go to state 67

    $default  reduce using rule 39 (var)


State 46

   60 factor: num .

    $default  reduce using rule 60 (factor)


State 47

   25 statement: compound_stmt .

    $default  reduce using rule 25 (statement)


State 48

   22 statement_list: statement_list statement .

    $default  reduce using rule 22 (statement_list)


State 49

   24 statement: expression_stmt .

    $default  reduce using rule 24 (statement)


State 50

   26 statement: selection_stmt .

    $default  reduce using rule 26 (statement)


State 51

   27 statement: iteration_stmt .

    $default  reduce using rule 27 (statement)


State 52

   28 statement: return_stmt .

    $default  reduce using rule 28 (statement)


State 53

   30 expression_stmt: expression . SEMI

    SEMI  shift, and go to state 68


State 54

   37 expression: var . ASSIGN expression
   58 factor: var .

    ASSIGN  shift, and go to state 69

    $default  reduce using rule 58 (factor)


State 55

   38 expression: simple_expression .

    $default  reduce using rule 38 (expression)


State 56

   41 simple_expression: additive_expression . relop additive_expression
   42                  | additive_expression .
   49 additive_expression: additive_expression . addop term

    LT     shift, and go to state 70
    LE     shift, and go to state 71
    GT     shift, and go to state 72
    GE     shift, and go to state 73
    EQ     shift, and go to state 74
    NE     shift, and go to state 75
    PLUS   shift, and go to state 76
    MINUS  shift, and go to state 77

    $default  reduce using rule 42 (simple_expression)

    relop  go to state 78
    addop  go to state 79


State 57

   50 additive_expression: term .
   53 term: term . mulop factor

    TIMES  shift, and go to state 80
    OVER   shift, and go to state 81

    $default  reduce using rule 50 (additive_expression)

    mulop  go to state 82


State 58

   54 term: factor .

    $default  reduce using rule 54 (term)


State 59

   59 factor: call .

    $default  reduce using rule 59 (factor)


State 60

   32 selection_stmt: IF LPAREN . expression RPAREN statement
   33               | IF LPAREN . expression RPAREN statement ELSE statement

    ID      shift, and go to state 11
    NUM     shift, and go to state 21
    LPAREN  shift, and go to state 42

    id                   go to state 45
    num                  go to state 46
    expression           go to state 83
    var                  go to state 54
    simple_expression    go to state 55
    additive_expression  go to state 56
    term                 go to state 57
    factor               go to state 58
    call                 go to state 59


State 61

   35 return_stmt: RETURN SEMI .

    $default  reduce using rule 35 (return_stmt)


State 62

   36 return_stmt: RETURN expression . SEMI

    SEMI  shift, and go to state 84


State 63

   34 iteration_stmt: WHILE LPAREN . expression RPAREN statement

    ID      shift, and go to state 11
    NUM     shift, and go to state 21
    LPAREN  shift, and go to state 42

    id                   go to state 45
    num                  go to state 46
    expression           go to state 85
    var                  go to state 54
    simple_expression    go to state 55
    additive_expression  go to state 56
    term                 go to state 57
    factor               go to state 58
    call                 go to state 59


State 64

   57 factor: LPAREN expression . RPAREN

    RPAREN  shift, and go to state 86


State 65

   29 statement: ERROR SEMI .

    $default  reduce using rule 29 (statement)


State 66

   61 call: id LPAREN . args RPAREN

    ID      shift, and go to state 11
    NUM     shift, and go to state 21
    LPAREN  shift, and go to state 42

    $default  reduce using rule 63 (args)

    id                   go to state 45
    num                  go to state 46
    expression           go to state 87
    var                  go to state 54
    simple_expression    go to state 55
    additive_expression  go to state 56
    term                 go to state 57
    factor               go to state 58
    call                 go to state 59
    args                 go to state 88
    arg_list             go to state 89


State 67

   40 var: id LBRACE . expression RBRACE

    ID      shift, and go to state 11
    NUM     shift, and go to state 21
    LPAREN  shift, and go to state 42

    id                   go to state 45
    num                  go to state 46
    expression           go to state 90
    var                  go to state 54
    simple_expression    go to state 55
    additive_expression  go to state 56
    term                 go to state 57
    factor               go to state 58
    call                 go to state 59


State 68

   30 expression_stmt: expression SEMI .

    $default  reduce using rule 30 (expression_stmt)


State 69

   37 expression: var ASSIGN . expression

    ID      shift, and go to state 11
    NUM     shift, and go to state 21
    LPAREN  shift, and go to state 42

    id                   go to state 45
    num                  go to state 46
    expression           go to state 91
    var                  go to state 54
    simple_expression    go to state 55
    additive_expression  go to state 56
    term                 go to state 57
    factor               go to state 58
    call                 go to state 59


State 70

   43 relop: LT .

    $default  reduce using rule 43 (relop)


State 71

   44 relop: LE .

    $default  reduce using rule 44 (relop)


State 72

   45 relop: GT .

    $default  reduce using rule 45 (relop)


State 73

   46 relop: GE .

    $default  reduce using rule 46 (relop)


State 74

   47 relop: EQ .

    $default  reduce using rule 47 (relop)


State 75

   48 relop: NE .

    $default  reduce using rule 48 (relop)


State 76

   51 addop: PLUS .

    $default  reduce using rule 51 (addop)


State 77

   52 addop: MINUS .

    $default  reduce using rule 52 (addop)


State 78

   41 simple_expression: additive_expression relop . additive_expression

    ID      shift, and go to state 11
    NUM     shift, and go to state 21
    LPAREN  shift, and go to state 42

    id                   go to state 45
    num                  go to state 46
    var                  go to state 92
    additive_expression  go to state 93
    term                 go to state 57
    factor               go to state 58
    call                 go to state 59


State 79

   49 additive_expression: additive_expression addop . term

    ID      shift, and go to state 11
    NUM     shift, and go to state 21
    LPAREN  shift, and go to state 42

    id      go to state 45
    num     go to state 46
    var     go to state 92
    term    go to state 94
    factor  go to state 58
    call    go to state 59


State 80

   55 mulop: TIMES .

    $default  reduce using rule 55 (mulop)


State 81

   56 mulop: OVER .

    $default  reduce using rule 56 (mulop)


State 82

   53 term: term mulop . factor

    ID      shift, and go to state 11
    NUM     shift, and go to state 21
    LPAREN  shift, and go to state 42

    id      go to state 45
    num     go to state 46
    var     go to state 92
    factor  go to state 95
    call    go to state 59


State 83

   32 selection_stmt: IF LPAREN expression . RPAREN statement
   33               | IF LPAREN expression . RPAREN statement ELSE statement

    RPAREN  shift, and go to state 96


State 84

   36 return_stmt: RETURN expression SEMI .

    $default  reduce using rule 36 (return_stmt)


State 85

   34 iteration_stmt: WHILE LPAREN expression . RPAREN statement

    RPAREN  shift, and go to state 97


State 86

   57 factor: LPAREN expression RPAREN .

    $default  reduce using rule 57 (factor)


State 87

   65 arg_list: expression .

    $default  reduce using rule 65 (arg_list)


State 88

   61 call: id LPAREN args . RPAREN

    RPAREN  shift, and go to state 98


State 89

   62 args: arg_list .
   64 arg_list: arg_list . COMMA expression

    COMMA  shift, and go to state 99

    $default  reduce using rule 62 (args)


State 90

   40 var: id LBRACE expression . RBRACE

    RBRACE  shift, and go to state 100


State 91

   37 expression: var ASSIGN expression .

    $default  reduce using rule 37 (expression)


State 92

   58 factor: var .

    $default  reduce using rule 58 (factor)


State 93

   41 simple_expression: additive_expression relop additive_expression .
   49 additive_expression: additive_expression . addop term

    PLUS   shift, and go to state 76
    MINUS  shift, and go to state 77

    $default  reduce using rule 41 (simple_expression)

    addop  go to state 79


State 94

   49 additive_expression: additive_expression addop term .
   53 term: term . mulop factor

    TIMES  shift, and go to state 80
    OVER   shift, and go to state 81

    $default  reduce using rule 49 (additive_expression)

    mulop  go to state 82


State 95

   53 term: term mulop factor .

    $default  reduce using rule 53 (term)


State 96

   32 selection_stmt: IF LPAREN expression RPAREN . statement
   33               | IF LPAREN expression RPAREN . statement ELSE statement

    IF      shift, and go to state 38
    RETURN  shift, and go to state 39
    WHILE   shift, and go to state 40
    ID      shift, and go to state 11
    NUM     shift, and go to state 21
    SEMI    shift, and go to state 41
    LPAREN  shift, and go to state 42
    LCURLY  shift, and go to state 28
    ERROR   shift, and go to state 44

    id                   go to state 45
    num                  go to state 46
    compound_stmt        go to state 47
    statement            go to state 101
    expression_stmt      go to state 49
    selection_stmt       go to state 50
    iteration_stmt       go to state 51
    return_stmt          go to state 52
    expression           go to state 53
    var                  go to state 54
    simple_expression    go to state 55
    additive_expression  go to state 56
    term                 go to state 57
    factor               go to state 58
    call                 go to state 59


State 97

   34 iteration_stmt: WHILE LPAREN expression RPAREN . statement

    IF      shift, and go to state 38
    RETURN  shift, and go to state 39
    WHILE   shift, and go to state 40
    ID      shift, and go to state 11
    NUM     shift, and go to state 21
    SEMI    shift, and go to state 41
    LPAREN  shift, and go to state 42
    LCURLY  shift, and go to state 28
    ERROR   shift, and go to state 44

    id                   go to state 45
    num                  go to state 46
    compound_stmt        go to state 47
    statement            go to state 102
    expression_stmt      go to state 49
    selection_stmt       go to state 50
    iteration_stmt       go to state 51
    return_stmt          go to state 52
    expression           go to state 53
    var                  go to state 54
    simple_expression    go to state 55
    additive_expression  go to state 56
    term                 go to state 57
    factor               go to state 58
    call                 go to state 59


State 98

   61 call: id LPAREN args RPAREN .

    $default  reduce using rule 61 (call)


State 99

   64 arg_list: arg_list COMMA . expression

    ID      shift, and go to state 11
    NUM     shift, and go to state 21
    LPAREN  shift, and go to state 42

    id                   go to state 45
    num                  go to state 46
    expression           go to state 103
    var                  go to state 54
    simple_expression    go to state 55
    additive_expression  go to state 56
    term                 go to state 57
    factor               go to state 58
    call                 go to state 59


State 100

   40 var: id LBRACE expression RBRACE .

    $default  reduce using rule 40 (var)


State 101

   32 selection_stmt: IF LPAREN expression RPAREN statement .
   33               | IF LPAREN expression RPAREN statement . ELSE statement

    ELSE  shift, and go to state 104

    $default  reduce using rule 32 (selection_stmt)


State 102

   34 iteration_stmt: WHILE LPAREN expression RPAREN statement .

    $default  reduce using rule 34 (iteration_stmt)


State 103

   64 arg_list: arg_list COMMA expression .

    $default  reduce using rule 64 (arg_list)


State 104

   33 selection_stmt: IF LPAREN expression RPAREN statement ELSE . statement

    IF      shift, and go to state 38
    RETURN  shift, and go to state 39
    WHILE   shift, and go to state 40
    ID      shift, and go to state 11
    NUM     shift, and go to state 21
    SEMI    shift, and go to state 41
    LPAREN  shift, and go to state 42
    LCURLY  shift, and go to state 28
    ERROR   shift, and go to state 44

    id                   go to state 45
    num                  go to state 46
    compound_stmt        go to state 47
    statement            go to state 105
    expression_stmt      go to state 49
    selection_stmt       go to state 50
    iteration_stmt       go to state 51
    return_stmt          go to state 52
    expression           go to state 53
    var                  go to state 54
    simple_expression    go to state 55
    additive_expression  go to state 56
    term                 go to state 57
    factor               go to state 58
    call                 go to state 59


State 105

   33 selection_stmt: IF LPAREN expression RPAREN statement ELSE statement .

    $default  reduce using rule 33 (selection_stmt)
